<?xml version="1.0" encoding="UTF-8"?><testsuite name="nosetests" tests="1" errors="0" failures="0" skip="0"><testcase classname="test_feature.Feature" name="test_output" time="27.232"></testcase></testsuite>