<?xml version="1.0" encoding="UTF-8"?><testsuite name="nosetests" tests="1" errors="0" failures="0" skip="0"><testcase classname="test_cleaner.Cleaner" name="test_output" time="0.271"></testcase></testsuite>